Contour 0 Area: 10.5
Contour 1 Area: 0
Contour 2 Area: 0
Contour 3 Area: 0
Contour 4 Area: 0
Contour 5 Area: 0
Contour 6 Area: 0
Contour 7 Area: 0
Contour 8 Area: 0
Contour 9 Area: 0
Contour 10 Area: 0
Contour 11 Area: 0
Contour 12 Area: 0
Contour 13 Area: 0
Contour 14 Area: 0
Contour 15 Area: 0
Contour 16 Area: 0
Contour 17 Area: 0
Contour 18 Area: 0
Contour 19 Area: 0
Contour 20 Area: 0
Contour 21 Area: 0
Contour 22 Area: 0
Contour 23 Area: 0
Contour 24 Area: 0
Contour 25 Area: 0
Contour 26 Area: 0
Contour 27 Area: 0
Contour 28 Area: 0
Contour 29 Area: 0
Contour 30 Area: 0
Contour 31 Area: 0
Contour 32 Area: 0
Contour 33 Area: 0
Contour 34 Area: 0
Contour 35 Area: 0
Contour 36 Area: 0
Contour 37 Area: 0
Contour 38 Area: 0
Contour 39 Area: 0
Contour 40 Area: 0
Contour 41 Area: 0
Contour 42 Area: 0
Contour 43 Area: 0
Contour 44 Area: 0
Contour 45 Area: 0
Contour 46 Area: 0
Contour 47 Area: 0
Contour 48 Area: 0
Contour 49 Area: 0
Contour 50 Area: 0
Contour 51 Area: 0
Contour 52 Area: 0
Contour 53 Area: 0
Contour 54 Area: 12485
Contour 55 Area: 495.5
Contour 56 Area: 0
Contour 57 Area: 0
Contour 58 Area: 5924.5
Contour 59 Area: 4
Contour 60 Area: 6124
Contour 61 Area: 0
Contour 62 Area: 0
Contour 63 Area: 0
Contour 64 Area: 0
Contour 65 Area: 21824
Contour 66 Area: 0
Contour 67 Area: 0
Contour 68 Area: 24817.5
Contour 69 Area: 0
Contour 70 Area: 2710
Contour 71 Area: 56223.5
Contour 72 Area: 1279
Contour 73 Area: 50828.5
Contour 74 Area: 1850
Contour 75 Area: 73840.5
Contour 76 Area: 5231.5
Contour 77 Area: 9428.5
Contour 78 Area: 1
Contour 79 Area: 2359.5
Contour 80 Area: 18171
Contour 81 Area: 63352.5
Contour 82 Area: 1850
Contour 83 Area: 8783
Contour 84 Area: 0
Contour 85 Area: 28655.5
Contour 86 Area: 0
Contour 87 Area: 0
Contour 88 Area: 44
Contour 89 Area: 150.5
Contour 90 Area: 4111.5
Contour 91 Area: 0
Contour 92 Area: 3198.5
Contour 93 Area: 15969.5
Contour 94 Area: 0
Contour 95 Area: 729.5
Contour 96 Area: 2560
Contour 97 Area: 1027
Contour 98 Area: 0
Contour 99 Area: 0
Contour 100 Area: 12.5
Contour 101 Area: 11354
Contour 102 Area: 5369
Contour 103 Area: 20165.5
Contour 104 Area: 7698.5
Contour 105 Area: 22
Contour 106 Area: 1392
Contour 107 Area: 30
Contour 108 Area: 820
Contour 109 Area: 0
Contour 110 Area: 0
Contour 111 Area: 46
Contour 112 Area: 5
Contour 113 Area: 0
Contour 114 Area: 0
Contour 115 Area: 263
Contour 116 Area: 0.5
Contour 117 Area: 1.5
Contour 118 Area: 0
Contour 119 Area: 27520.5
Contour 120 Area: 2.5
Contour 121 Area: 11.5
Contour 122 Area: 1005
Contour 123 Area: 0.5
Contour 124 Area: 1
Contour 125 Area: 0
Contour 126 Area: 0
Contour 127 Area: 0
Contour 128 Area: 1
Contour 129 Area: 8.5
Contour 130 Area: 23117
Contour 131 Area: 2823
Contour 132 Area: 12171.5
Contour 133 Area: 0
Contour 134 Area: 0
Contour 135 Area: 0
Contour 136 Area: 0
Contour 137 Area: 24339.5
Contour 138 Area: 4
Contour 139 Area: 134.5
Contour 140 Area: 0
Contour 141 Area: 0
Contour 142 Area: 0
Contour 143 Area: 3
Contour 144 Area: 0
Contour 145 Area: 0
Contour 146 Area: 0
Contour 147 Area: 0
Contour 148 Area: 0
Contour 149 Area: 49
Contour 150 Area: 2854
Contour 151 Area: 0
Contour 152 Area: 0
Contour 153 Area: 0
Contour 154 Area: 32074.5
Contour 155 Area: 2435.5
Contour 156 Area: 318.5
Contour 157 Area: 324
Contour 158 Area: 349
Contour 159 Area: 0
Contour 160 Area: 11942.5
Contour 161 Area: 0
Contour 162 Area: 16
Contour 163 Area: 11593.5
Contour 164 Area: 0
Contour 165 Area: 0
Contour 166 Area: 0
Contour 167 Area: 0
Contour 168 Area: 0
Contour 169 Area: 201.5
Contour 170 Area: 0
Contour 171 Area: 0
Contour 172 Area: 0
Contour 173 Area: 891
Contour 174 Area: 22823
Contour 175 Area: 0
Contour 176 Area: 0
Contour 177 Area: 0
Contour 178 Area: 0
Contour 179 Area: 0
Contour 180 Area: 0
Contour 181 Area: 0
Contour 182 Area: 0
Contour 183 Area: 0
Contour 184 Area: 0
Contour 185 Area: 0
Contour 186 Area: 0
Contour 187 Area: 0
Contour 188 Area: 0
Contour 189 Area: 0
Contour 190 Area: 0
Contour 191 Area: 0
Contour 192 Area: 0
Contour 193 Area: 602662
Contour 194 Area: 4087
Contour 195 Area: 0
Contour 196 Area: 0
Contour 197 Area: 3
Contour 198 Area: 8
Contour 199 Area: 0
Contour 200 Area: 12
Contour 201 Area: 0
Contour 202 Area: 8
Contour 203 Area: 0
Contour 204 Area: 139
Contour 205 Area: 0
Contour 206 Area: 0
Contour 207 Area: 0
Contour 208 Area: 0
Contour 209 Area: 0
Contour 210 Area: 0
Contour 211 Area: 3.5
Contour 212 Area: 0
Contour 213 Area: 0
Contour 214 Area: 0
Contour 215 Area: 0
Contour 216 Area: 0
Contour 217 Area: 0
Contour 218 Area: 0
Contour 219 Area: 0
Contour 220 Area: 0
Contour 221 Area: 0
Contour 222 Area: 0
Contour 223 Area: 53
Contour 224 Area: 0
Contour 225 Area: 0.5
Contour 226 Area: 0
Contour 227 Area: 0
Contour 228 Area: 0
Contour 229 Area: 0
Contour 230 Area: 0.5
Contour 231 Area: 0
Contour 232 Area: 0
Contour 233 Area: 0
Contour 234 Area: 402.5
Contour 235 Area: 62993
Contour 236 Area: 0
Contour 237 Area: 0.5
Contour 238 Area: 0
Contour 239 Area: 0
Contour 240 Area: 0
Contour 241 Area: 0
Contour 242 Area: 1
Contour 243 Area: 0.5
Contour 244 Area: 0
Contour 245 Area: 0
Contour 246 Area: 0
Contour 247 Area: 1.5
Contour 248 Area: 0
Contour 249 Area: 0
Contour 250 Area: 0
Contour 251 Area: 23.5
Contour 252 Area: 0
Contour 253 Area: 0
Contour 254 Area: 0
Contour 255 Area: 0
Contour 256 Area: 0
Contour 257 Area: 0
Contour 258 Area: 0
Contour 259 Area: 0
Contour 260 Area: 0
Contour 261 Area: 0
Contour 262 Area: 0
Contour 263 Area: 0
Contour 264 Area: 0
Contour 265 Area: 0
Contour 266 Area: 0
Contour 267 Area: 0
Contour 268 Area: 0
Contour 269 Area: 0
Contour 270 Area: 0
Contour 271 Area: 0
Contour 272 Area: 158.5
Contour 273 Area: 0
Contour 274 Area: 0
Contour 275 Area: 0
Contour 276 Area: 0
Contour 277 Area: 0
Contour 278 Area: 0
Contour 279 Area: 0
Contour 280 Area: 0
Contour 281 Area: 0
Contour 282 Area: 0
Contour 283 Area: 0
Contour 284 Area: 0
Contour 285 Area: 0
Contour 286 Area: 0
Contour 287 Area: 0
Contour 288 Area: 0
Contour 289 Area: 0
Contour 290 Area: 0
Contour 291 Area: 0
Contour 292 Area: 0
Contour 293 Area: 0
Contour 294 Area: 0
Contour 295 Area: 0
Contour 296 Area: 0
Contour 297 Area: 0
Contour 298 Area: 0
Contour 299 Area: 0
Contour 300 Area: 0
Contour 301 Area: 37
Contour 302 Area: 0
Contour 303 Area: 246
Contour 304 Area: 0
Contour 305 Area: 0
Contour 306 Area: 0
Contour 307 Area: 0
Contour 308 Area: 0
Contour 309 Area: 1
Contour 310 Area: 0
Contour 311 Area: 0
Contour 312 Area: 0
Contour 313 Area: 0
Contour 314 Area: 0
Contour 315 Area: 0
Contour 316 Area: 0
Contour 317 Area: 0
Contour 318 Area: 0
Contour 319 Area: 0
Contour 320 Area: 0
Contour 321 Area: 38
Contour 322 Area: 0
Contour 323 Area: 0
Contour 324 Area: 0
Contour 325 Area: 0
Contour 326 Area: 0
Contour 327 Area: 0
Contour 328 Area: 0
Contour 329 Area: 0
Contour 330 Area: 0
Contour 331 Area: 0
Contour 332 Area: 0
Contour 333 Area: 0
Contour 334 Area: 94.5
Contour 335 Area: 0
Contour 336 Area: 0
Contour 337 Area: 0
Contour 338 Area: 0
Contour 339 Area: 9
Contour 340 Area: 0
Contour 341 Area: 2.5
Contour 342 Area: 0
Contour 343 Area: 0
Contour 344 Area: 0
Contour 345 Area: 8
Contour 346 Area: 0
Contour 347 Area: 0
Contour 348 Area: 0
Contour 349 Area: 0
Contour 350 Area: 2
Contour 351 Area: 137
Contour 352 Area: 0
Contour 353 Area: 0
Contour 354 Area: 0
Contour 355 Area: 2
Contour 356 Area: 0
Contour 357 Area: 0
Contour 358 Area: 0
Contour 359 Area: 0
Contour 360 Area: 0
Contour 361 Area: 0
Contour 362 Area: 0
Contour 363 Area: 0
Contour 364 Area: 0
Contour 365 Area: 0
Contour 366 Area: 0
Contour 367 Area: 0
Contour 368 Area: 859
Contour 369 Area: 0
Contour 370 Area: 117
Contour 371 Area: 0
Contour 372 Area: 0
Contour 373 Area: 0
Contour 374 Area: 0
Contour 375 Area: 11
Contour 376 Area: 0
Contour 377 Area: 0
Contour 378 Area: 0
Contour 379 Area: 0
Contour 380 Area: 0
Contour 381 Area: 0
Contour 382 Area: 0
Contour 383 Area: 0
Contour 384 Area: 0
Contour 385 Area: 0
Contour 386 Area: 0
Contour 387 Area: 0
Contour 388 Area: 0
Contour 389 Area: 0
Contour 390 Area: 0
Contour 391 Area: 0
Contour 392 Area: 54
Contour 393 Area: 0
Contour 394 Area: 0
Contour 395 Area: 0
Contour 396 Area: 0
Contour 397 Area: 0
Contour 398 Area: 0
Contour 399 Area: 0
Contour 400 Area: 0
Contour 401 Area: 0
Contour 402 Area: 0
Contour 403 Area: 0
Contour 404 Area: 0
Contour 405 Area: 0
Contour 406 Area: 0
Contour 407 Area: 0
Contour 408 Area: 0
Contour 409 Area: 0
Contour 410 Area: 0
Contour 411 Area: 1
Contour 412 Area: 0
Contour 413 Area: 11.5
Contour 414 Area: 0
Contour 415 Area: 0
Contour 416 Area: 18.5
Contour 417 Area: 0
Contour 418 Area: 0
Contour 419 Area: 0
Contour 420 Area: 0
Contour 421 Area: 0
Contour 422 Area: 0
Contour 423 Area: 0
Contour 424 Area: 0
Contour 425 Area: 0
Contour 426 Area: 0
Contour 427 Area: 0
Contour 428 Area: 0
Contour 429 Area: 0
Contour 430 Area: 0
Contour 431 Area: 0
Contour 432 Area: 0
Contour 433 Area: 0
Contour 434 Area: 0
Contour 435 Area: 0
Contour 436 Area: 0
Contour 437 Area: 0
Contour 438 Area: 0
Contour 439 Area: 0
Contour 440 Area: 0
Contour 441 Area: 0
Contour 442 Area: 0
Contour 443 Area: 0
Contour 444 Area: 0
Contour 445 Area: 0
Contour 446 Area: 14
Contour 447 Area: 0
Contour 448 Area: 0
Contour 449 Area: 0
Contour 450 Area: 0
Contour 451 Area: 2912
Contour 452 Area: 252046
Contour 453 Area: 150
Contour 454 Area: 156
Contour 455 Area: 12
Contour 456 Area: 0
Contour 457 Area: 0
Contour 458 Area: 0
Contour 459 Area: 9303.5
Contour 460 Area: 1845.5
Contour 461 Area: 4
Contour 462 Area: 293
Contour 463 Area: 1153
Contour 464 Area: 0
Contour 465 Area: 235.5
Contour 466 Area: 168
Contour 467 Area: 521
Contour 468 Area: 0
Contour 469 Area: 835
Contour 470 Area: 1663.5
Contour 471 Area: 0
Contour 472 Area: 3641
Contour 473 Area: 34
Contour 474 Area: 265
Contour 475 Area: 0
Contour 476 Area: 0
Contour 477 Area: 0
Contour 478 Area: 1
Contour 479 Area: 12.5
Contour 480 Area: 175.5
Contour 481 Area: 3564
Contour 482 Area: 377048
